[ 2016-04-26T13:14:02+08:00 ] 192.168.1.106 /Public/lib/webuploader/0.1.5/server/upload/acrossTab-close.png
INFO: [ app_init ] --START--
INFO: Run Behavior\BuildLiteBehavior [ RunTime:0.000010s ]
INFO: [ app_init ] --END-- [ RunTime:0.000067s ]
ERR: 无法加载模块:Public

[ 2016-04-26T14:18:36+08:00 ] 192.168.1.106 /Public/lib/webuploader/0.1.5/server/upload/product2.jpg
INFO: [ app_init ] --START--
INFO: Run Behavior\BuildLiteBehavior [ RunTime:0.000010s ]
INFO: [ app_init ] --END-- [ RunTime:0.000067s ]
ERR: 无法加载模块:Public

[ 2016-04-26T14:18:40+08:00 ] 192.168.1.106 /Public/lib/webuploader/0.1.5/server/upload/product2.jpg
INFO: [ app_init ] --START--
INFO: Run Behavior\BuildLiteBehavior [ RunTime:0.000011s ]
INFO: [ app_init ] --END-- [ RunTime:0.000070s ]
ERR: 无法加载模块:Public

[ 2016-04-26T14:18:45+08:00 ] 192.168.1.106 /Public/lib/webuploader/0.1.5/server/upload/product2.jpg
INFO: [ app_init ] --START--
INFO: Run Behavior\BuildLiteBehavior [ RunTime:0.000012s ]
INFO: [ app_init ] --END-- [ RunTime:0.000081s ]
ERR: 无法加载模块:Public

[ 2016-04-26T16:32:29+08:00 ] 192.168.1.106 /Public/lib/webuploader/0.1.5/server/upload/admin-login-bg.jpg
INFO: [ app_init ] --START--
INFO: Run Behavior\BuildLiteBehavior [ RunTime:0.000008s ]
INFO: [ app_init ] --END-- [ RunTime:0.000055s ]
ERR: 无法加载模块:Public

[ 2016-04-26T16:41:15+08:00 ] 192.168.1.106 /Public/lib/webuploader/0.1.5/server/upload/admin-login-bg.jpg
INFO: [ app_init ] --START--
INFO: Run Behavior\BuildLiteBehavior [ RunTime:0.000008s ]
INFO: [ app_init ] --END-- [ RunTime:0.000054s ]
ERR: 无法加载模块:Public

[ 2016-04-26T16:41:24+08:00 ] 192.168.1.106 /Public/lib/webuploader/0.1.5/server/upload/admin-login-bg.jpg
INFO: [ app_init ] --START--
INFO: Run Behavior\BuildLiteBehavior [ RunTime:0.000013s ]
INFO: [ app_init ] --END-- [ RunTime:0.000080s ]
ERR: 无法加载模块:Public

[ 2016-04-26T16:41:26+08:00 ] 192.168.1.106 /Public/lib/webuploader/0.1.5/server/upload/admin-login-bg.jpg
INFO: [ app_init ] --START--
INFO: Run Behavior\BuildLiteBehavior [ RunTime:0.000015s ]
INFO: [ app_init ] --END-- [ RunTime:0.000109s ]
ERR: 无法加载模块:Public

[ 2016-04-26T16:41:26+08:00 ] 192.168.1.106 /Public/lib/webuploader/0.1.5/server/upload/admin-login-bg.jpg
INFO: [ app_init ] --START--
INFO: Run Behavior\BuildLiteBehavior [ RunTime:0.000007s ]
INFO: [ app_init ] --END-- [ RunTime:0.000051s ]
ERR: 无法加载模块:Public

[ 2016-04-26T17:44:05+08:00 ] 192.168.1.106 /Public/lib/webuploader/0.1.5/server/upload/admin-login-bg.jpg
INFO: [ app_init ] --START--
INFO: Run Behavior\BuildLiteBehavior [ RunTime:0.000012s ]
INFO: [ app_init ] --END-- [ RunTime:0.000080s ]
ERR: 无法加载模块:Public

[ 2016-04-26T17:44:10+08:00 ] 192.168.1.106 /Public/lib/webuploader/0.1.5/server/upload/admin-login-bg.jpg
INFO: [ app_init ] --START--
INFO: Run Behavior\BuildLiteBehavior [ RunTime:0.000008s ]
INFO: [ app_init ] --END-- [ RunTime:0.000056s ]
ERR: 无法加载模块:Public

[ 2016-04-26T17:47:01+08:00 ] 192.168.1.106 /Public/lib/webuploader/0.1.5/server/upload/admin-login-bg.jpg
INFO: [ app_init ] --START--
INFO: Run Behavior\BuildLiteBehavior [ RunTime:0.000009s ]
INFO: [ app_init ] --END-- [ RunTime:0.000059s ]
ERR: 无法加载模块:Public

[ 2016-04-26T17:47:26+08:00 ] 192.168.1.106 /Public/lib/webuploader/0.1.5/server/upload/admin-login-bg.jpg
INFO: [ app_init ] --START--
INFO: Run Behavior\BuildLiteBehavior [ RunTime:0.000012s ]
INFO: [ app_init ] --END-- [ RunTime:0.000078s ]
ERR: 无法加载模块:Public

[ 2016-04-26T17:47:36+08:00 ] 192.168.1.106 /Public/lib/webuploader/0.1.5/server/upload/admin-login-bg.jpg
INFO: [ app_init ] --START--
INFO: Run Behavior\BuildLiteBehavior [ RunTime:0.000012s ]
INFO: [ app_init ] --END-- [ RunTime:0.000085s ]
ERR: 无法加载模块:Public

[ 2016-04-26T17:47:38+08:00 ] 192.168.1.106 /Public/lib/webuploader/0.1.5/server/upload/admin-login-bg.jpg
INFO: [ app_init ] --START--
INFO: Run Behavior\BuildLiteBehavior [ RunTime:0.000007s ]
INFO: [ app_init ] --END-- [ RunTime:0.000043s ]
ERR: 无法加载模块:Public

[ 2016-04-26T17:48:14+08:00 ] 192.168.1.106 /Public/lib/webuploader/0.1.5/server/upload/admin-login-bg.jpg
INFO: [ app_init ] --START--
INFO: Run Behavior\BuildLiteBehavior [ RunTime:0.000012s ]
INFO: [ app_init ] --END-- [ RunTime:0.000080s ]
ERR: 无法加载模块:Public

[ 2016-04-26T17:48:16+08:00 ] 192.168.1.106 /Public/lib/webuploader/0.1.5/server/upload/admin-login-bg.jpg
INFO: [ app_init ] --START--
INFO: Run Behavior\BuildLiteBehavior [ RunTime:0.000010s ]
INFO: [ app_init ] --END-- [ RunTime:0.000066s ]
ERR: 无法加载模块:Public

[ 2016-04-26T17:49:56+08:00 ] 192.168.1.106 /Public/lib/webuploader/0.1.5/server/upload/admin-login-bg.jpg
INFO: [ app_init ] --START--
INFO: Run Behavior\BuildLiteBehavior [ RunTime:0.000008s ]
INFO: [ app_init ] --END-- [ RunTime:0.000051s ]
ERR: 无法加载模块:Public

[ 2016-04-26T17:54:14+08:00 ] 192.168.1.106 /Public/lib/webuploader/0.1.5/server/upload/admin-login-bg.jpg
INFO: [ app_init ] --START--
INFO: Run Behavior\BuildLiteBehavior [ RunTime:0.000008s ]
INFO: [ app_init ] --END-- [ RunTime:0.000054s ]
ERR: 无法加载模块:Public

[ 2016-04-26T18:00:01+08:00 ] 192.168.1.106 /Public/lib/webuploader/0.1.5/server/upload/admin-login-bg.jpg
INFO: [ app_init ] --START--
INFO: Run Behavior\BuildLiteBehavior [ RunTime:0.000012s ]
INFO: [ app_init ] --END-- [ RunTime:0.000076s ]
ERR: 无法加载模块:Public

[ 2016-04-26T18:00:10+08:00 ] 192.168.1.106 /Public/lib/webuploader/0.1.5/server/upload/admin-login-bg.jpg
INFO: [ app_init ] --START--
INFO: Run Behavior\BuildLiteBehavior [ RunTime:0.000008s ]
INFO: [ app_init ] --END-- [ RunTime:0.000052s ]
ERR: 无法加载模块:Public

[ 2016-04-26T18:00:18+08:00 ] 192.168.1.106 /Public/lib/webuploader/0.1.5/server/upload/admin-login-bg.jpg
INFO: [ app_init ] --START--
INFO: Run Behavior\BuildLiteBehavior [ RunTime:0.000014s ]
INFO: [ app_init ] --END-- [ RunTime:0.000090s ]
ERR: 无法加载模块:Public

[ 2016-04-26T18:02:59+08:00 ] 192.168.1.106 /Public/lib/webuploader/0.1.5/server/upload/admin-login-bg.jpg
INFO: [ app_init ] --START--
INFO: Run Behavior\BuildLiteBehavior [ RunTime:0.000011s ]
INFO: [ app_init ] --END-- [ RunTime:0.000076s ]
ERR: 无法加载模块:Public

[ 2016-04-26T18:03:25+08:00 ] 192.168.1.106 /Public/lib/webuploader/0.1.5/server/upload/admin-login-bg.jpg
INFO: [ app_init ] --START--
INFO: Run Behavior\BuildLiteBehavior [ RunTime:0.000007s ]
INFO: [ app_init ] --END-- [ RunTime:0.000047s ]
ERR: 无法加载模块:Public

[ 2016-04-26T18:03:30+08:00 ] 192.168.1.106 /Public/lib/webuploader/0.1.5/server/upload/admin-login-bg.jpg
INFO: [ app_init ] --START--
INFO: Run Behavior\BuildLiteBehavior [ RunTime:0.000015s ]
INFO: [ app_init ] --END-- [ RunTime:0.000097s ]
ERR: 无法加载模块:Public

[ 2016-04-26T18:04:33+08:00 ] 192.168.1.106 /Public/lib/webuploader/0.1.5/server/upload/admin-login-bg.jpg
INFO: [ app_init ] --START--
INFO: Run Behavior\BuildLiteBehavior [ RunTime:0.000007s ]
INFO: [ app_init ] --END-- [ RunTime:0.000049s ]
ERR: 无法加载模块:Public

